<?xml version="1.0" encoding="UTF-8"?>
<!-- Generated by org.testng.reporters.JUnitReportReporter -->
<testsuite hostname="DESKTOP-9PSMDFO" name="com.browserstack.run_second_test.SecondTest" tests="1" failures="0" timestamp="2 Aug 2022 12:09:17 GMT" time="172.640" errors="0">
  <testcase name="test" time="172.640" classname="com.browserstack.run_second_test.SecondTest"/>
</testsuite> <!-- com.browserstack.run_second_test.SecondTest -->
